-------------------------------------------------------------------------------
Test set: com.nnk.springboot.RatingTests
-------------------------------------------------------------------------------
Tests run: 1, Failures: 1, Errors: 0, Skipped: 0, Time elapsed: 0.206 s <<< FAILURE! - in com.nnk.springboot.RatingTests
ratingTest(com.nnk.springboot.RatingTests)  Time elapsed: 0.004 s  <<< FAILURE!
java.lang.AssertionError
	at com.nnk.springboot.RatingTests.ratingTest(RatingTests.java:29)

