<?xml version="1.0" encoding="UTF-8"?>
<testsuite xmlns:xsi="http://www.w3.org/2001/XMLSchema-instance" xsi:noNamespaceSchemaLocation="https://maven.apache.org/surefire/maven-surefire-plugin/xsd/surefire-test-report.xsd" name="com.nnk.springboot.TradeTests" time="0.158" tests="1" errors="1" skipped="0" failures="0">
  <properties>
[...]
</properties>
  <testcase name="tradeTest" classname="com.nnk.springboot.TradeTests" time="0.024">
    <error message="could not execute statement; SQL [n/a]; constraint [null]; nested exception is org.hibernate.exception.ConstraintViolationException: could not execute statement" type="org.springframework.dao.DataIntegrityViolationException">org.springframework.dao.DataIntegrityViolationException: could not execute statement; SQL [n/a]; constraint [null]; nested exception is org.hibernate.exception.ConstraintViolationException: could not execute statement
	at com.nnk.springboot.TradeTests.tradeTest(TradeTests.java:27)
Caused by: org.hibernate.exception.ConstraintViolationException: could not execute statement
	at com.nnk.springboot.TradeTests.tradeTest(TradeTests.java:27)
Caused by: java.sql.SQLIntegrityConstraintViolationException: Column 'account' cannot be null
	at com.nnk.springboot.TradeTests.tradeTest(TradeTests.java:27)
</error>
    <system-out><![CDATA[2023-09-06 20:55:56.831  INFO 26652 --- [           main] .b.t.c.SpringBootTestContextBootstrapper : Neither @ContextConfiguration nor @ContextHierarchy found for test class [com.nnk.springboot.TradeTests], using SpringBootContextLoader
2023-09-06 20:55:56.832  INFO 26652 --- [           main] o.s.t.c.support.AbstractContextLoader    : Could not detect default resource locations for test class [com.nnk.springboot.TradeTests]: no resource found for suffixes {-context.xml, Context.groovy}.
2023-09-06 20:55:56.832  INFO 26652 --- [           main] t.c.s.AnnotationConfigContextLoaderUtils : Could not detect default configuration classes for test class [com.nnk.springboot.TradeTests]: TradeTests does not declare any static, non-private, non-final, nested classes annotated with @Configuration.
2023-09-06 20:55:56.833  INFO 26652 --- [           main] .b.t.c.SpringBootTestContextBootstrapper : Found @SpringBootConfiguration com.nnk.springboot.Application for test class com.nnk.springboot.TradeTests
2023-09-06 20:55:56.835  INFO 26652 --- [           main] .b.t.c.SpringBootTestContextBootstrapper : Loaded default TestExecutionListener class names from location [META-INF/spring.factories]: [org.springframework.boot.test.mock.mockito.MockitoTestExecutionListener, org.springframework.boot.test.mock.mockito.ResetMocksTestExecutionListener, org.springframework.boot.test.autoconfigure.restdocs.RestDocsTestExecutionListener, org.springframework.boot.test.autoconfigure.web.client.MockRestServiceServerResetTestExecutionListener, org.springframework.boot.test.autoconfigure.web.servlet.MockMvcPrintOnlyOnFailureTestExecutionListener, org.springframework.boot.test.autoconfigure.web.servlet.WebDriverTestExecutionListener, org.springframework.test.context.web.ServletTestExecutionListener, org.springframework.test.context.support.DirtiesContextBeforeModesTestExecutionListener, org.springframework.test.context.support.DependencyInjectionTestExecutionListener, org.springframework.test.context.support.DirtiesContextTestExecutionListener, org.springframework.test.context.transaction.TransactionalTestExecutionListener, org.springframework.test.context.jdbc.SqlScriptsTestExecutionListener]
2023-09-06 20:55:56.836  INFO 26652 --- [           main] .b.t.c.SpringBootTestContextBootstrapper : Using TestExecutionListeners: [org.springframework.test.context.web.ServletTestExecutionListener@6f9b5f01, org.springframework.test.context.support.DirtiesContextBeforeModesTestExecutionListener@6859bbd4, org.springframework.boot.test.mock.mockito.MockitoTestExecutionListener@4a225014, org.springframework.boot.test.autoconfigure.SpringBootDependencyInjectionTestExecutionListener@7d836c4a, org.springframework.test.context.support.DirtiesContextTestExecutionListener@485547ac, org.springframework.test.context.transaction.TransactionalTestExecutionListener@6d77d269, org.springframework.test.context.jdbc.SqlScriptsTestExecutionListener@350d9d23, org.springframework.boot.test.mock.mockito.ResetMocksTestExecutionListener@530a46f4, org.springframework.boot.test.autoconfigure.restdocs.RestDocsTestExecutionListener@3180131e, org.springframework.boot.test.autoconfigure.web.client.MockRestServiceServerResetTestExecutionListener@62376bdd, org.springframework.boot.test.autoconfigure.web.servlet.MockMvcPrintOnlyOnFailureTestExecutionListener@3b8a063d, org.springframework.boot.test.autoconfigure.web.servlet.WebDriverTestExecutionListener@3a36da5e]
Hibernate: insert into trade (account, benchmark, book, buy_price, buy_quantity, creation_date, creation_name, deal_name, deal_type, revision_date, revision_name, security, sell_price, sell_quantity, side, source_list_id, status, trade_date, trader, type) values (?, ?, ?, ?, ?, ?, ?, ?, ?, ?, ?, ?, ?, ?, ?, ?, ?, ?, ?, ?)
2023-09-06 20:55:56.867  WARN 26652 --- [           main] o.h.engine.jdbc.spi.SqlExceptionHelper   : SQL Error: 1048, SQLState: 23000
2023-09-06 20:55:56.867 ERROR 26652 --- [           main] o.h.engine.jdbc.spi.SqlExceptionHelper   : Column 'account' cannot be null
]]></system-out>
  </testcase>
</testsuite>